<?xml version="1.0" encoding="UTF-8"?>
<!-- Generated by org.testng.reporters.JUnitReportReporter -->
<testsuite hostname="DESKTOP-1Q7D8OU" failures="0" tests="3" name="cashWrapTest.TestCashWrapLoginPage" time="28.418" errors="0" timestamp="2022-02-24T12:36:14 IST" skipped="0">
  <testcase classname="cashWrapTest.TestCashWrapLoginPage" name="loginCashWrap" time="23.747"/>
  <system-out/>
  <testcase classname="cashWrapTest.TestCashWrapLoginPage" name="addItemToCart" time="2.866"/>
  <system-out/>
  <testcase classname="cashWrapTest.TestCashWrapLoginPage" name="payToItems" time="1.805"/>
  <system-out/>
</testsuite> <!-- cashWrapTest.TestCashWrapLoginPage -->
